<?xml version="1.0" encoding="UTF-8"?>
<!-- Generated by org.testng.reporters.JUnitReportReporter -->
<testsuite hostname="valmiki-PC" name="Calculations.Array" tests="1" failures="0" timestamp="4 Oct 2019 11:22:11 GMT" time="0.015" errors="0">
  <testcase name="listArray" time="0.015" classname="Calculations.Array"/>
</testsuite> <!-- Calculations.Array -->
