<?xml version="1.0" encoding="UTF-8"?>
<!-- Generated by org.testng.reporters.JUnitReportReporter -->
<testsuite hostname="valmiki-PC" name="Calculations.Array" tests="1" failures="0" timestamp="6 Oct 2019 10:01:17 GMT" time="0.031" errors="0">
  <testcase name="listArray" time="0.031" classname="Calculations.Array"/>
</testsuite> <!-- Calculations.Array -->
